TN:
SF:/home/nacho/testing_software/IdS-Ignacio-Olazabal/test/test_leds.c
FN:20,setUp
FNDA:14,setUp
FN:26,tearDown
FNDA:14,tearDown
FN:31,test_LedsDriver_IniciaConTodosLosLedsApagados
FNDA:1,test_LedsDriver_IniciaConTodosLosLedsApagados
FN:39,test_LedsDriver_PrendeUnLed
FNDA:1,test_LedsDriver_PrendeUnLed
FN:46,test_LedsDriver_PrendeYApagaUnLed
FNDA:1,test_LedsDriver_PrendeYApagaUnLed
FN:55,test_LedsDriver_PrendeVariosYApagaUno
FNDA:1,test_LedsDriver_PrendeVariosYApagaUno
FN:66,test_LedsDriver_PrenderPrimerYUltimoLed
FNDA:1,test_LedsDriver_PrenderPrimerYUltimoLed
FN:76,test_LedsDriver_LedFueraDeRangoNoHaceNada
FNDA:1,test_LedsDriver_LedFueraDeRangoNoHaceNada
FN:88,test_LedsDriver_PrenderTodosLosLeds
FNDA:1,test_LedsDriver_PrenderTodosLosLeds
FN:95,test_LedsDriver_PrenderYApagarTodosLosLeds
FNDA:1,test_LedsDriver_PrenderYApagarTodosLosLeds
FN:105,test_LedsDriver_PrenderLedVariasVeces
FNDA:1,test_LedsDriver_PrenderLedVariasVeces
FN:114,test_LedsDriver_ApagarLedVariasVeces
FNDA:1,test_LedsDriver_ApagarLedVariasVeces
FN:126,test_LedsDriver_PrenderAlgunosLuegoTodos
FNDA:1,test_LedsDriver_PrenderAlgunosLuegoTodos
FN:137,test_LedsDriver_PrenderTodosApagarAlgunosApagarTodos
FNDA:1,test_LedsDriver_PrenderTodosApagarAlgunosApagarTodos
FN:151,test_LedsDriver_ConsultarLedEncendido
FNDA:1,test_LedsDriver_ConsultarLedEncendido
FN:159,test_LedsDriver_ConsultarLedApagado
FNDA:1,test_LedsDriver_ConsultarLedApagado
DA:20,14
DA:22,14
DA:23,14
DA:24,14
DA:26,14
DA:28,14
DA:31,1
DA:33,1
DA:34,1
DA:35,1
DA:36,1
DA:39,1
DA:41,1
DA:42,1
DA:43,1
DA:46,1
DA:48,1
DA:49,1
DA:50,1
DA:51,1
DA:52,1
DA:55,1
DA:57,1
DA:58,1
DA:59,1
DA:60,1
DA:61,1
DA:62,1
DA:63,1
DA:66,1
DA:68,1
DA:69,1
DA:71,1
DA:72,1
DA:73,1
DA:76,1
DA:78,1
DA:79,1
DA:80,1
DA:82,1
DA:83,1
DA:84,1
DA:85,1
DA:88,1
DA:90,1
DA:91,1
DA:92,1
DA:95,1
DA:97,1
DA:98,1
DA:100,1
DA:101,1
DA:102,1
DA:105,1
DA:107,1
DA:108,1
DA:109,1
DA:110,1
DA:111,1
DA:114,1
DA:116,1
DA:117,1
DA:119,1
DA:120,1
DA:121,1
DA:122,1
DA:123,1
DA:126,1
DA:128,1
DA:129,1
DA:130,1
DA:132,1
DA:133,1
DA:134,1
DA:137,1
DA:139,1
DA:140,1
DA:142,1
DA:143,1
DA:144,1
DA:146,1
DA:147,1
DA:148,1
DA:151,1
DA:153,1
DA:154,1
DA:155,1
DA:156,1
DA:159,1
DA:161,1
DA:162,1
DA:163,1
DA:164,1
end_of_record
TN:
SF:/home/nacho/testing_software/IdS-Ignacio-Olazabal/src/leds.c
FN:13,leds_to_mask
FNDA:26,leds_to_mask
FN:18,leds_init
FNDA:15,leds_init
FN:24,leds_turn_on
FNDA:16,leds_turn_on
FN:34,leds_turn_off
FNDA:8,leds_turn_off
FN:44,leds_turn_on_all
FNDA:4,leds_turn_on_all
FN:49,leds_turn_off_all
FNDA:2,leds_turn_off_all
FN:54,leds_is_on
FNDA:2,leds_is_on
FN:64,leds_is_off
FNDA:2,leds_is_off
DA:13,26
DA:15,26
DA:18,15
DA:20,15
DA:21,15
DA:22,15
DA:24,16
DA:26,16
DA:27,2
DA:28,2
DA:31,14
DA:34,8
DA:36,8
DA:37,0
DA:38,0
DA:41,8
DA:44,4
DA:46,4
DA:47,4
DA:49,2
DA:51,2
DA:52,2
DA:54,2
DA:56,2
DA:57,0
DA:58,0
DA:61,2
DA:64,2
DA:66,2
DA:67,0
DA:68,0
DA:71,2
end_of_record
TN:
SF:/home/nacho/testing_software/IdS-Ignacio-Olazabal/build/test/mocks/test_leds/mock_errores.c
FN:38,mock_errores_Verify
FNDA:14,mock_errores_Verify
FN:57,mock_errores_Init
FNDA:14,mock_errores_Init
FN:62,mock_errores_Destroy
FNDA:28,mock_errores_Destroy
FN:70,registrar_error
FNDA:2,registrar_error
FN:122,CMockExpectParameters_registrar_error
FNDA:0,CMockExpectParameters_registrar_error
FN:131,registrar_error_CMockIgnore
FNDA:0,registrar_error_CMockIgnore
FN:136,registrar_error_CMockStopIgnore
FNDA:0,registrar_error_CMockStopIgnore
FN:141,registrar_error_CMockExpectAnyArgs
FNDA:2,registrar_error_CMockExpectAnyArgs
FN:155,registrar_error_CMockExpect
FNDA:0,registrar_error_CMockExpect
FN:169,registrar_error_AddCallback
FNDA:0,registrar_error_AddCallback
FN:176,registrar_error_Stub
FNDA:0,registrar_error_Stub
DA:38,14
DA:40,14
DA:42,14
DA:43,14
DA:44,0
DA:45,14
DA:47,0
DA:48,0
DA:50,14
DA:52,0
DA:55,14
DA:57,14
DA:59,14
DA:60,14
DA:62,28
DA:64,28
DA:65,28
DA:66,28
DA:67,28
DA:68,28
DA:70,2
DA:72,2
DA:74,2
DA:75,2
DA:76,2
DA:77,2
DA:79,0
DA:80,0
DA:82,2
DA:83,2
DA:85,0
DA:86,0
DA:87,0
DA:89,2
DA:90,2
DA:91,2
DA:92,0
DA:93,2
DA:94,0
DA:95,2
DA:98,0
DA:99,0
DA:102,0
DA:103,0
DA:106,0
DA:107,0
DA:110,0
DA:111,0
DA:114,2
DA:116,0
DA:118,2
DA:122,0
DA:124,0
DA:126,0
DA:127,0
DA:128,0
DA:129,0
DA:131,0
DA:133,0
DA:134,0
DA:136,0
DA:138,0
DA:139,0
DA:141,2
DA:143,2
DA:144,2
DA:145,2
DA:146,2
DA:147,2
DA:148,2
DA:149,2
DA:150,2
DA:151,2
DA:152,2
DA:153,2
DA:155,0
DA:157,0
DA:158,0
DA:159,0
DA:160,0
DA:161,0
DA:162,0
DA:163,0
DA:164,0
DA:165,0
DA:166,0
DA:167,0
DA:169,0
DA:171,0
DA:172,0
DA:173,0
DA:174,0
DA:176,0
DA:178,0
DA:179,0
DA:180,0
DA:181,0
end_of_record
TN:
SF:/home/nacho/testing_software/IdS-Ignacio-Olazabal/build/vendor/unity/src/unity.c
FN:78,UnityPrintChar
FNDA:797,UnityPrintChar
FN:128,UnityPrint
FNDA:47,UnityPrint
FN:150,UnityPrintLen
FNDA:0,UnityPrintLen
FN:188,UnityPrintNumberByStyle
FNDA:0,UnityPrintNumberByStyle
FN:239,UnityPrintNumber
FNDA:17,UnityPrintNumber
FN:254,UnityPrintNumberUnsigned
FNDA:17,UnityPrintNumberUnsigned
FN:273,UnityPrintNumberHex
FNDA:0,UnityPrintNumberHex
FN:299,UnityPrintMask
FNDA:0,UnityPrintMask
FN:334,UnityPrintFloat
FNDA:0,UnityPrintFloat
FN:495,UnityTestResultsBegin
FNDA:14,UnityTestResultsBegin
FN:538,UnityTestResultsFailBegin
FNDA:0,UnityTestResultsFailBegin
FN:546,UnityConcludeTest
FNDA:14,UnityConcludeTest
FN:570,UnityAddMsgIfSpecified
FNDA:0,UnityAddMsgIfSpecified
FN:597,UnityPrintExpectedAndActualStrings
FNDA:0,UnityPrintExpectedAndActualStrings
FN:624,UnityPrintExpectedAndActualStringsLen
FNDA:0,UnityPrintExpectedAndActualStringsLen
FN:657,UnityIsOneArrayNull
FNDA:0,UnityIsOneArrayNull
FN:691,UnityAssertBits
FNDA:0,UnityAssertBits
FN:712,UnityAssertEqualNumber
FNDA:21,UnityAssertEqualNumber
FN:733,UnityAssertGreaterOrLessOrEqualNumber
FNDA:0,UnityAssertGreaterOrLessOrEqualNumber
FN:781,UnityAssertEqualIntArray
FNDA:0,UnityAssertEqualIntArray
FN:926,UnityFloatsWithin
FNDA:0,UnityFloatsWithin
FN:933,UnityAssertWithinFloatArray
FNDA:0,UnityAssertWithinFloatArray
FN:1013,UnityAssertFloatsWithin
FNDA:0,UnityAssertFloatsWithin
FN:1032,UnityAssertFloatsNotWithin
FNDA:0,UnityAssertFloatsNotWithin
FN:1053,UnityAssertGreaterOrLessFloat
FNDA:0,UnityAssertGreaterOrLessFloat
FN:1086,UnityAssertFloatSpecial
FNDA:0,UnityAssertFloatSpecial
FN:1380,UnityAssertNumbersWithin
FNDA:0,UnityAssertNumbersWithin
FN:1427,UnityAssertNumbersArrayWithin
FNDA:0,UnityAssertNumbersArrayWithin
FN:1591,UnityAssertEqualString
FNDA:0,UnityAssertEqualString
FN:1630,UnityAssertEqualStringLen
FNDA:0,UnityAssertEqualStringLen
FN:1670,UnityAssertEqualStringArray
FNDA:0,UnityAssertEqualStringArray
FN:1753,UnityAssertEqualMemory
FNDA:0,UnityAssertEqualMemory
FN:1842,UnityNumToPtr
FNDA:0,UnityNumToPtr
FN:1868,UnityFloatToPtr
FNDA:0,UnityFloatToPtr
FN:2124,UnityFail
FNDA:0,UnityFail
FN:2161,UnityIgnore
FNDA:0,UnityIgnore
FN:2177,UnityMessage
FNDA:0,UnityMessage
FN:2193,UnityDefaultTestRun
FNDA:0,UnityDefaultTestRun
FN:2215,UnitySetTestFile
FNDA:0,UnitySetTestFile
FN:2221,UnityBegin
FNDA:1,UnityBegin
FN:2237,UnityEnd
FNDA:1,UnityEnd
FN:2277,UnityParseOptions
FNDA:1,UnityParseOptions
FN:2357,IsStringInBiggerString
FNDA:0,IsStringInBiggerString
FN:2412,UnityStringArgumentMatches
FNDA:0,UnityStringArgumentMatches
FN:2475,UnityTestMatches
FNDA:14,UnityTestMatches
DA:78,797
DA:81,797
DA:83,797
DA:86,0
DA:88,0
DA:89,0
DA:92,0
DA:94,0
DA:95,0
DA:100,0
DA:101,0
DA:102,0
DA:104,797
DA:128,47
DA:130,47
DA:132,47
DA:134,844
DA:144,797
DA:145,797
DA:148,47
DA:150,0
DA:152,0
DA:154,0
DA:156,0
DA:159,0
DA:161,0
DA:164,0
DA:166,0
DA:167,0
DA:170,0
DA:172,0
DA:173,0
DA:178,0
DA:179,0
DA:180,0
DA:182,0
DA:185,0
DA:188,0
DA:190,0
DA:192,0
DA:195,0
DA:196,0
DA:198,0
DA:201,0
DA:203,0
DA:204,0
DA:207,0
DA:209,0
DA:210,0
DA:215,0
DA:216,0
DA:217,0
DA:219,0
DA:223,0
DA:226,0
DA:228,0
DA:232,0
DA:233,0
DA:234,0
DA:236,0
DA:239,17
DA:241,17
DA:243,17
DA:246,0
DA:247,0
DA:249,17
DA:250,17
DA:254,17
DA:256,17
DA:259,38
DA:261,21
DA:267,38
DA:268,38
DA:269,38
DA:270,17
DA:273,0
DA:276,0
DA:278,0
DA:280,0
DA:283,0
DA:285,0
DA:286,0
DA:287,0
DA:289,0
DA:293,0
DA:296,0
DA:299,0
DA:301,0
DA:304,0
DA:306,0
DA:308,0
DA:310,0
DA:314,0
DA:319,0
DA:321,0
DA:323,0
DA:334,0
DA:346,0
DA:349,0
DA:351,0
DA:352,0
DA:356,0
DA:358,0
DA:360,0
DA:362,0
DA:364,0
DA:366,0
DA:370,0
DA:372,0
DA:375,0
DA:384,0
DA:386,0
DA:388,0
DA:389,0
DA:391,0
DA:393,0
DA:395,0
DA:397,0
DA:398,0
DA:400,0
DA:409,0
DA:410,0
DA:411,0
DA:413,0
DA:415,0
DA:419,0
DA:423,0
DA:424,0
DA:427,0
DA:429,0
DA:431,0
DA:432,0
DA:436,0
DA:437,0
DA:440,0
DA:442,0
DA:443,0
DA:447,0
DA:448,0
DA:450,0
DA:451,0
DA:455,0
DA:457,0
DA:459,0
DA:461,0
DA:465,0
DA:467,0
DA:469,0
DA:471,0
DA:472,0
DA:476,0
DA:479,0
DA:480,0
DA:482,0
DA:483,0
DA:485,0
DA:487,0
DA:491,0
DA:495,14
DA:526,14
DA:527,14
DA:528,14
DA:529,14
DA:530,14
DA:531,14
DA:535,14
DA:538,0
DA:540,0
DA:541,0
DA:542,0
DA:543,0
DA:546,14
DA:548,14
DA:550,0
DA:552,14
DA:554,14
DA:555,14
DA:559,0
DA:562,14
DA:563,14
DA:565,14
DA:567,14
DA:570,0
DA:577,0
DA:579,0
DA:580,0
DA:581,0
DA:582,0
DA:584,0
DA:585,0
DA:589,0
DA:591,0
DA:592,0
DA:594,0
DA:597,0
DA:599,0
DA:600,0
DA:602,0
DA:603,0
DA:604,0
DA:608,0
DA:610,0
DA:611,0
DA:613,0
DA:614,0
DA:615,0
DA:619,0
DA:621,0
DA:624,0
DA:628,0
DA:629,0
DA:631,0
DA:632,0
DA:633,0
DA:637,0
DA:639,0
DA:640,0
DA:642,0
DA:643,0
DA:644,0
DA:648,0
DA:650,0
DA:657,0
DA:663,0
DA:666,0
DA:668,0
DA:669,0
DA:670,0
DA:671,0
DA:675,0
DA:677,0
DA:678,0
DA:679,0
DA:680,0
DA:683,0
DA:691,0
DA:697,0
DA:699,0
DA:701,0
DA:702,0
DA:703,0
DA:704,0
DA:705,0
DA:706,0
DA:707,0
DA:709,0
DA:712,21
DA:718,21
DA:720,21
DA:722,0
DA:723,0
DA:724,0
DA:725,0
DA:726,0
DA:727,0
DA:728,0
DA:730,21
DA:733,0
DA:740,0
DA:741,0
DA:743,0
DA:744,0
DA:746,0
DA:748,0
DA:749,0
DA:753,0
DA:754,0
DA:757,0
DA:759,0
DA:760,0
DA:761,0
DA:762,0
DA:763,0
DA:764,0
DA:765,0
DA:766,0
DA:767,0
DA:768,0
DA:781,0
DA:789,0
DA:790,0
DA:791,0
DA:793,0
DA:795,0
DA:800,0
DA:804,0
DA:806,0
DA:809,0
DA:811,0
DA:814,0
DA:819,0
DA:821,0
DA:822,0
DA:823,0
DA:824,0
DA:826,0
DA:827,0
DA:829,0
DA:830,0
DA:832,0
DA:833,0
DA:834,0
DA:835,0
DA:837,0
DA:838,0
DA:840,0
DA:841,0
DA:844,0
DA:845,0
DA:846,0
DA:847,0
DA:848,0
DA:851,0
DA:853,0
DA:854,0
DA:856,0
DA:858,0
DA:859,0
DA:862,0
DA:863,0
DA:864,0
DA:867,0
DA:869,0
DA:871,0
DA:872,0
DA:873,0
DA:874,0
DA:876,0
DA:877,0
DA:878,0
DA:879,0
DA:880,0
DA:881,0
DA:882,0
DA:883,0
DA:884,0
DA:887,0
DA:889,0
DA:891,0
DA:926,0
DA:929,0
DA:933,0
DA:941,0
DA:942,0
DA:943,0
DA:944,0
DA:945,0
DA:947,0
DA:949,0
DA:954,0
DA:958,0
DA:960,0
DA:963,0
DA:966,0
DA:969,0
DA:971,0
DA:974,0
DA:976,0
DA:980,0
DA:982,0
DA:985,0
DA:987,0
DA:989,0
DA:992,0
DA:995,0
DA:997,0
DA:998,0
DA:999,0
DA:1000,0
DA:1001,0
DA:1002,0
DA:1004,0
DA:1006,0
DA:1008,0
DA:1013,0
DA:1019,0
DA:1022,0
DA:1024,0
DA:1025,0
DA:1026,0
DA:1027,0
DA:1029,0
DA:1032,0
DA:1038,0
DA:1040,0
DA:1042,0
DA:1043,0
DA:1044,0
DA:1045,0
DA:1046,0
DA:1047,0
DA:1048,0
DA:1050,0
DA:1053,0
DA:1061,0
DA:1063,0
DA:1066,0
DA:1067,0
DA:1069,0
DA:1071,0
DA:1073,0
DA:1074,0
DA:1075,0
DA:1076,0
DA:1077,0
DA:1078,0
DA:1079,0
DA:1080,0
DA:1081,0
DA:1083,0
DA:1086,0
DA:1091,0
DA:1092,0
DA:1093,0
DA:1094,0
DA:1096,0
DA:1098,0
DA:1100,0
DA:1102,0
DA:1103,0
DA:1104,0
DA:1106,0
DA:1107,0
DA:1109,0
DA:1111,0
DA:1112,0
DA:1114,0
DA:1116,0
DA:1117,0
DA:1119,0
DA:1121,0
DA:1122,0
DA:1123,0
DA:1126,0
DA:1128,0
DA:1129,0
DA:1130,0
DA:1132,0
DA:1134,0
DA:1135,0
DA:1137,0
DA:1145,0
DA:1146,0
DA:1148,0
DA:1380,0
DA:1387,0
DA:1389,0
DA:1391,0
DA:1393,0
DA:1397,0
DA:1402,0
DA:1404,0
DA:1408,0
DA:1412,0
DA:1414,0
DA:1415,0
DA:1416,0
DA:1417,0
DA:1418,0
DA:1419,0
DA:1420,0
DA:1421,0
DA:1422,0
DA:1424,0
DA:1427,0
DA:1436,0
DA:1437,0
DA:1438,0
DA:1440,0
DA:1442,0
DA:1447,0
DA:1451,0
DA:1453,0
DA:1456,0
DA:1458,0
DA:1461,0
DA:1466,0
DA:1468,0
DA:1470,0
DA:1472,0
DA:1473,0
DA:1474,0
DA:1478,0
DA:1479,0
DA:1480,0
DA:1482,0
DA:1484,0
DA:1486,0
DA:1488,0
DA:1489,0
DA:1490,0
DA:1494,0
DA:1495,0
DA:1496,0
DA:1498,0
DA:1501,0
DA:1503,0
DA:1505,0
DA:1506,0
DA:1507,0
DA:1511,0
DA:1512,0
DA:1513,0
DA:1515,0
DA:1518,0
DA:1521,0
DA:1523,0
DA:1524,0
DA:1525,0
DA:1529,0
DA:1530,0
DA:1531,0
DA:1533,0
DA:1534,0
DA:1537,0
DA:1539,0
DA:1541,0
DA:1545,0
DA:1550,0
DA:1552,0
DA:1556,0
DA:1560,0
DA:1562,0
DA:1564,0
DA:1565,0
DA:1566,0
DA:1567,0
DA:1569,0
DA:1570,0
DA:1571,0
DA:1572,0
DA:1573,0
DA:1574,0
DA:1575,0
DA:1576,0
DA:1577,0
DA:1578,0
DA:1579,0
DA:1582,0
DA:1584,0
DA:1586,0
DA:1591,0
DA:1598,0
DA:1601,0
DA:1603,0
DA:1605,0
DA:1607,0
DA:1608,0
DA:1614,0
DA:1616,0
DA:1620,0
DA:1622,0
DA:1623,0
DA:1624,0
DA:1625,0
DA:1627,0
DA:1630,0
DA:1638,0
DA:1641,0
DA:1643,0
DA:1645,0
DA:1647,0
DA:1648,0
DA:1654,0
DA:1656,0
DA:1660,0
DA:1662,0
DA:1663,0
DA:1664,0
DA:1665,0
DA:1667,0
DA:1670,0
DA:1677,0
DA:1678,0
DA:1679,0
DA:1680,0
DA:1682,0
DA:1685,0
DA:1690,0
DA:1694,0
DA:1696,0
DA:1699,0
DA:1701,0
DA:1704,0
DA:1706,0
DA:1711,0
DA:1712,0
DA:1714,0
DA:1718,0
DA:1720,0
DA:1722,0
DA:1724,0
DA:1725,0
DA:1731,0
DA:1733,0
DA:1737,0
DA:1739,0
DA:1740,0
DA:1742,0
DA:1743,0
DA:1745,0
DA:1746,0
DA:1747,0
DA:1749,0
DA:1753,0
DA:1761,0
DA:1762,0
DA:1763,0
DA:1766,0
DA:1768,0
DA:1773,0
DA:1776,0
DA:1778,0
DA:1781,0
DA:1783,0
DA:1786,0
DA:1788,0
DA:1791,0
DA:1793,0
DA:1794,0
DA:1796,0
DA:1798,0
DA:1799,0
DA:1800,0
DA:1802,0
DA:1803,0
DA:1805,0
DA:1806,0
DA:1807,0
DA:1808,0
DA:1809,0
DA:1810,0
DA:1811,0
DA:1812,0
DA:1814,0
DA:1815,0
DA:1817,0
DA:1819,0
DA:1842,0
DA:1844,0
DA:1846,0
DA:1847,0
DA:1848,0
DA:1850,0
DA:1851,0
DA:1852,0
DA:1855,0
DA:1856,0
DA:1857,0
DA:1860,0
DA:1861,0
DA:1862,0
DA:1868,0
DA:1870,0
DA:1871,0
DA:2124,0
DA:2126,0
DA:2128,0
DA:2129,0
DA:2130,0
DA:2132,0
DA:2138,0
DA:2140,0
DA:2141,0
DA:2142,0
DA:2144,0
DA:2145,0
DA:2147,0
DA:2150,0
DA:2152,0
DA:2154,0
DA:2157,0
DA:2161,0
DA:2163,0
DA:2165,0
DA:2166,0
DA:2167,0
DA:2169,0
DA:2170,0
DA:2171,0
DA:2173,0
DA:2177,0
DA:2179,0
DA:2180,0
DA:2181,0
DA:2183,0
DA:2184,0
DA:2185,0
DA:2187,0
DA:2188,0
DA:2193,0
DA:2195,0
DA:2196,0
DA:2197,0
DA:2198,0
DA:2200,0
DA:2202,0
DA:2203,0
DA:2205,0
DA:2207,0
DA:2210,0
DA:2211,0
DA:2215,0
DA:2217,0
DA:2218,0
DA:2221,1
DA:2223,1
DA:2224,1
DA:2225,1
DA:2226,1
DA:2227,1
DA:2228,1
DA:2229,1
DA:2230,1
DA:2232,1
DA:2234,1
DA:2237,1
DA:2239,1
DA:2240,1
DA:2241,1
DA:2242,1
DA:2243,1
DA:2244,1
DA:2245,1
DA:2246,1
DA:2247,1
DA:2248,1
DA:2249,1
DA:2251,1
DA:2255,0
DA:2260,1
DA:2263,1
DA:2277,1
DA:2280,1
DA:2281,1
DA:2282,1
DA:2284,1
DA:2286,0
DA:2288,0
DA:2290,0
DA:2291,0
DA:2292,0
DA:2294,0
DA:2295,0
DA:2297,0
DA:2299,0
DA:2301,0
DA:2305,0
DA:2306,0
DA:2307,0
DA:2309,0
DA:2310,0
DA:2311,0
DA:2312,0
DA:2313,0
DA:2314,0
DA:2315,0
DA:2316,0
DA:2317,0
DA:2319,0
DA:2321,0
DA:2323,0
DA:2327,0
DA:2328,0
DA:2329,0
DA:2331,0
DA:2332,0
DA:2333,0
DA:2334,0
DA:2335,0
DA:2338,0
DA:2339,0
DA:2340,0
DA:2341,0
DA:2342,0
DA:2343,0
DA:2344,0
DA:2345,0
DA:2346,0
DA:2348,0
DA:2353,1
DA:2357,0
DA:2359,0
DA:2360,0
DA:2361,0
DA:2363,0
DA:2365,0
DA:2368,0
DA:2370,0
DA:2373,0
DA:2375,0
DA:2376,0
DA:2378,0
DA:2380,0
DA:2381,0
DA:2383,0
DA:2387,0
DA:2389,0
DA:2390,0
DA:2392,0
DA:2393,0
DA:2398,0
DA:2400,0
DA:2404,0
DA:2405,0
DA:2408,0
DA:2412,0
DA:2420,0
DA:2421,0
DA:2423,0
DA:2425,0
DA:2429,0
DA:2430,0
DA:2433,0
DA:2434,0
DA:2436,0
DA:2438,0
DA:2440,0
DA:2442,0
DA:2446,0
DA:2447,0
DA:2449,0
DA:2453,0
DA:2455,0
DA:2457,0
DA:2462,0
DA:2464,0
DA:2467,0
DA:2471,0
DA:2475,14
DA:2479,14
DA:2481,0
DA:2485,14
DA:2489,14
DA:2491,0
DA:2493,0
DA:2497,14
end_of_record
TN:
SF:/home/nacho/testing_software/IdS-Ignacio-Olazabal/build/vendor/cmock/src/cmock.c
FN:44,CMock_Guts_MemNew
FNDA:2,CMock_Guts_MemNew
FN:86,CMock_Guts_MemChain
FNDA:2,CMock_Guts_MemChain
FN:134,CMock_Guts_MemNext
FNDA:2,CMock_Guts_MemNext
FN:162,CMock_Guts_MemEndOfChain
FNDA:0,CMock_Guts_MemEndOfChain
FN:180,CMock_Guts_GetAddressFor
FNDA:4,CMock_Guts_GetAddressFor
FN:195,CMock_Guts_MemBytesCapacity
FNDA:0,CMock_Guts_MemBytesCapacity
FN:203,CMock_Guts_MemBytesFree
FNDA:0,CMock_Guts_MemBytesFree
FN:211,CMock_Guts_MemBytesUsed
FNDA:0,CMock_Guts_MemBytesUsed
FN:219,CMock_Guts_MemFreeAll
FNDA:28,CMock_Guts_MemFreeAll
FN:227,CMock_Guts_MemFreeFinal
FNDA:1,CMock_Guts_MemFreeFinal
DA:44,2
DA:49,2
DA:51,0
DA:55,2
DA:56,2
DA:58,0
DA:60,2
DA:63,0
DA:76,2
DA:77,2
DA:78,2
DA:80,2
DA:86,2
DA:93,2
DA:96,2
DA:101,0
DA:103,0
DA:105,0
DA:107,0
DA:110,0
DA:111,0
DA:114,0
DA:116,0
DA:117,0
DA:119,0
DA:121,0
DA:123,0
DA:125,0
DA:126,0
DA:127,0
DA:134,2
DA:140,2
DA:142,0
DA:144,2
DA:148,2
DA:149,2
DA:151,0
DA:155,2
DA:162,0
DA:164,0
DA:167,0
DA:168,0
DA:169,0
DA:171,0
DA:174,0
DA:180,4
DA:182,4
DA:184,4
DA:188,0
DA:195,0
DA:197,0
DA:203,0
DA:205,0
DA:211,0
DA:213,0
DA:219,28
DA:221,28
DA:222,28
DA:227,1
DA:229,1
DA:237,1
end_of_record
TN:
SF:/home/nacho/testing_software/IdS-Ignacio-Olazabal/build/test/runners/test_leds_runner.c
FN:34,CMock_Init
FNDA:14,CMock_Init
FN:41,CMock_Verify
FNDA:14,CMock_Verify
FN:45,CMock_Destroy
FNDA:14,CMock_Destroy
FN:52,resetTest
FNDA:0,resetTest
FN:61,verifyTest
FNDA:0,verifyTest
FN:67,run_test
FNDA:14,run_test
FN:95,main
FNDA:1,main
DA:34,14
DA:36,14
DA:37,14
DA:38,14
DA:39,14
DA:40,14
DA:41,14
DA:43,14
DA:44,14
DA:45,14
DA:47,14
DA:48,14
DA:52,0
DA:54,0
DA:55,0
DA:56,0
DA:57,0
DA:58,0
DA:59,0
DA:61,0
DA:63,0
DA:64,0
DA:67,14
DA:69,14
DA:70,14
DA:72,14
DA:73,0
DA:75,14
DA:76,14
DA:78,14
DA:79,14
DA:81,14
DA:82,14
DA:84,14
DA:86,14
DA:87,14
DA:89,14
DA:91,14
DA:95,1
DA:98,1
DA:99,1
DA:101,0
DA:103,0
DA:104,0
DA:105,0
DA:106,0
DA:107,0
DA:108,0
DA:109,0
DA:110,0
DA:111,0
DA:112,0
DA:113,0
DA:114,0
DA:115,0
DA:116,0
DA:117,0
DA:118,0
DA:119,0
DA:120,0
DA:121,0
DA:122,0
DA:123,0
DA:124,0
DA:125,0
DA:126,0
DA:127,0
DA:128,0
DA:129,0
DA:130,0
DA:131,0
DA:132,0
DA:133,0
DA:135,0
DA:138,1
DA:139,1
DA:140,1
DA:141,1
DA:142,1
DA:143,1
DA:144,1
DA:145,1
DA:146,1
DA:147,1
DA:148,1
DA:149,1
DA:150,1
DA:151,1
DA:152,1
DA:154,1
DA:155,1
end_of_record
TN:
SF:/home/nacho/testing_software/IdS-Ignacio-Olazabal/test/test_leds.c
FN:20,setUp
FNDA:14,setUp
FN:26,tearDown
FNDA:14,tearDown
FN:31,test_LedsDriver_IniciaConTodosLosLedsApagados
FNDA:1,test_LedsDriver_IniciaConTodosLosLedsApagados
FN:39,test_LedsDriver_PrendeUnLed
FNDA:1,test_LedsDriver_PrendeUnLed
FN:46,test_LedsDriver_PrendeYApagaUnLed
FNDA:1,test_LedsDriver_PrendeYApagaUnLed
FN:55,test_LedsDriver_PrendeVariosYApagaUno
FNDA:1,test_LedsDriver_PrendeVariosYApagaUno
FN:66,test_LedsDriver_PrenderPrimerYUltimoLed
FNDA:1,test_LedsDriver_PrenderPrimerYUltimoLed
FN:76,test_LedsDriver_LedFueraDeRangoNoHaceNada
FNDA:1,test_LedsDriver_LedFueraDeRangoNoHaceNada
FN:88,test_LedsDriver_PrenderTodosLosLeds
FNDA:1,test_LedsDriver_PrenderTodosLosLeds
FN:95,test_LedsDriver_PrenderYApagarTodosLosLeds
FNDA:1,test_LedsDriver_PrenderYApagarTodosLosLeds
FN:105,test_LedsDriver_PrenderLedVariasVeces
FNDA:1,test_LedsDriver_PrenderLedVariasVeces
FN:114,test_LedsDriver_ApagarLedVariasVeces
FNDA:1,test_LedsDriver_ApagarLedVariasVeces
FN:126,test_LedsDriver_PrenderAlgunosLuegoTodos
FNDA:1,test_LedsDriver_PrenderAlgunosLuegoTodos
FN:137,test_LedsDriver_PrenderTodosApagarAlgunosApagarTodos
FNDA:1,test_LedsDriver_PrenderTodosApagarAlgunosApagarTodos
FN:151,test_LedsDriver_ConsultarLedEncendido
FNDA:1,test_LedsDriver_ConsultarLedEncendido
FN:159,test_LedsDriver_ConsultarLedApagado
FNDA:1,test_LedsDriver_ConsultarLedApagado
DA:20,14
DA:22,14
DA:23,14
DA:24,14
DA:26,14
DA:28,14
DA:31,1
DA:33,1
DA:34,1
DA:35,1
DA:36,1
DA:39,1
DA:41,1
DA:42,1
DA:43,1
DA:46,1
DA:48,1
DA:49,1
DA:50,1
DA:51,1
DA:52,1
DA:55,1
DA:57,1
DA:58,1
DA:59,1
DA:60,1
DA:61,1
DA:62,1
DA:63,1
DA:66,1
DA:68,1
DA:69,1
DA:71,1
DA:72,1
DA:73,1
DA:76,1
DA:78,1
DA:79,1
DA:80,1
DA:82,1
DA:83,1
DA:84,1
DA:85,1
DA:88,1
DA:90,1
DA:91,1
DA:92,1
DA:95,1
DA:97,1
DA:98,1
DA:100,1
DA:101,1
DA:102,1
DA:105,1
DA:107,1
DA:108,1
DA:109,1
DA:110,1
DA:111,1
DA:114,1
DA:116,1
DA:117,1
DA:119,1
DA:120,1
DA:121,1
DA:122,1
DA:123,1
DA:126,1
DA:128,1
DA:129,1
DA:130,1
DA:132,1
DA:133,1
DA:134,1
DA:137,1
DA:139,1
DA:140,1
DA:142,1
DA:143,1
DA:144,1
DA:146,1
DA:147,1
DA:148,1
DA:151,1
DA:153,1
DA:154,1
DA:155,1
DA:156,1
DA:159,1
DA:161,1
DA:162,1
DA:163,1
DA:164,1
end_of_record
TN:
SF:/home/nacho/testing_software/IdS-Ignacio-Olazabal/src/leds.c
FN:13,leds_to_mask
FNDA:26,leds_to_mask
FN:18,leds_init
FNDA:15,leds_init
FN:24,leds_turn_on
FNDA:16,leds_turn_on
FN:34,leds_turn_off
FNDA:8,leds_turn_off
FN:44,leds_turn_on_all
FNDA:4,leds_turn_on_all
FN:49,leds_turn_off_all
FNDA:2,leds_turn_off_all
FN:54,leds_is_on
FNDA:2,leds_is_on
FN:64,leds_is_off
FNDA:2,leds_is_off
DA:13,26
DA:15,26
DA:18,15
DA:20,15
DA:21,15
DA:22,15
DA:24,16
DA:26,16
DA:27,2
DA:28,2
DA:31,14
DA:34,8
DA:36,8
DA:37,0
DA:38,0
DA:41,8
DA:44,4
DA:46,4
DA:47,4
DA:49,2
DA:51,2
DA:52,2
DA:54,2
DA:56,2
DA:57,0
DA:58,0
DA:61,2
DA:64,2
DA:66,2
DA:67,0
DA:68,0
DA:71,2
end_of_record
TN:
SF:/home/nacho/testing_software/IdS-Ignacio-Olazabal/build/test/mocks/test_leds/mock_errores.c
FN:38,mock_errores_Verify
FNDA:14,mock_errores_Verify
FN:57,mock_errores_Init
FNDA:14,mock_errores_Init
FN:62,mock_errores_Destroy
FNDA:28,mock_errores_Destroy
FN:70,registrar_error
FNDA:2,registrar_error
FN:122,CMockExpectParameters_registrar_error
FNDA:0,CMockExpectParameters_registrar_error
FN:131,registrar_error_CMockIgnore
FNDA:0,registrar_error_CMockIgnore
FN:136,registrar_error_CMockStopIgnore
FNDA:0,registrar_error_CMockStopIgnore
FN:141,registrar_error_CMockExpectAnyArgs
FNDA:2,registrar_error_CMockExpectAnyArgs
FN:155,registrar_error_CMockExpect
FNDA:0,registrar_error_CMockExpect
FN:169,registrar_error_AddCallback
FNDA:0,registrar_error_AddCallback
FN:176,registrar_error_Stub
FNDA:0,registrar_error_Stub
DA:38,14
DA:40,14
DA:42,14
DA:43,14
DA:44,0
DA:45,14
DA:47,0
DA:48,0
DA:50,14
DA:52,0
DA:55,14
DA:57,14
DA:59,14
DA:60,14
DA:62,28
DA:64,28
DA:65,28
DA:66,28
DA:67,28
DA:68,28
DA:70,2
DA:72,2
DA:74,2
DA:75,2
DA:76,2
DA:77,2
DA:79,0
DA:80,0
DA:82,2
DA:83,2
DA:85,0
DA:86,0
DA:87,0
DA:89,2
DA:90,2
DA:91,2
DA:92,0
DA:93,2
DA:94,0
DA:95,2
DA:98,0
DA:99,0
DA:102,0
DA:103,0
DA:106,0
DA:107,0
DA:110,0
DA:111,0
DA:114,2
DA:116,0
DA:118,2
DA:122,0
DA:124,0
DA:126,0
DA:127,0
DA:128,0
DA:129,0
DA:131,0
DA:133,0
DA:134,0
DA:136,0
DA:138,0
DA:139,0
DA:141,2
DA:143,2
DA:144,2
DA:145,2
DA:146,2
DA:147,2
DA:148,2
DA:149,2
DA:150,2
DA:151,2
DA:152,2
DA:153,2
DA:155,0
DA:157,0
DA:158,0
DA:159,0
DA:160,0
DA:161,0
DA:162,0
DA:163,0
DA:164,0
DA:165,0
DA:166,0
DA:167,0
DA:169,0
DA:171,0
DA:172,0
DA:173,0
DA:174,0
DA:176,0
DA:178,0
DA:179,0
DA:180,0
DA:181,0
end_of_record
TN:
SF:/home/nacho/testing_software/IdS-Ignacio-Olazabal/build/vendor/unity/src/unity.c
FN:78,UnityPrintChar
FNDA:797,UnityPrintChar
FN:128,UnityPrint
FNDA:47,UnityPrint
FN:150,UnityPrintLen
FNDA:0,UnityPrintLen
FN:188,UnityPrintNumberByStyle
FNDA:0,UnityPrintNumberByStyle
FN:239,UnityPrintNumber
FNDA:17,UnityPrintNumber
FN:254,UnityPrintNumberUnsigned
FNDA:17,UnityPrintNumberUnsigned
FN:273,UnityPrintNumberHex
FNDA:0,UnityPrintNumberHex
FN:299,UnityPrintMask
FNDA:0,UnityPrintMask
FN:334,UnityPrintFloat
FNDA:0,UnityPrintFloat
FN:495,UnityTestResultsBegin
FNDA:14,UnityTestResultsBegin
FN:538,UnityTestResultsFailBegin
FNDA:0,UnityTestResultsFailBegin
FN:546,UnityConcludeTest
FNDA:14,UnityConcludeTest
FN:570,UnityAddMsgIfSpecified
FNDA:0,UnityAddMsgIfSpecified
FN:597,UnityPrintExpectedAndActualStrings
FNDA:0,UnityPrintExpectedAndActualStrings
FN:624,UnityPrintExpectedAndActualStringsLen
FNDA:0,UnityPrintExpectedAndActualStringsLen
FN:657,UnityIsOneArrayNull
FNDA:0,UnityIsOneArrayNull
FN:691,UnityAssertBits
FNDA:0,UnityAssertBits
FN:712,UnityAssertEqualNumber
FNDA:21,UnityAssertEqualNumber
FN:733,UnityAssertGreaterOrLessOrEqualNumber
FNDA:0,UnityAssertGreaterOrLessOrEqualNumber
FN:781,UnityAssertEqualIntArray
FNDA:0,UnityAssertEqualIntArray
FN:926,UnityFloatsWithin
FNDA:0,UnityFloatsWithin
FN:933,UnityAssertWithinFloatArray
FNDA:0,UnityAssertWithinFloatArray
FN:1013,UnityAssertFloatsWithin
FNDA:0,UnityAssertFloatsWithin
FN:1032,UnityAssertFloatsNotWithin
FNDA:0,UnityAssertFloatsNotWithin
FN:1053,UnityAssertGreaterOrLessFloat
FNDA:0,UnityAssertGreaterOrLessFloat
FN:1086,UnityAssertFloatSpecial
FNDA:0,UnityAssertFloatSpecial
FN:1380,UnityAssertNumbersWithin
FNDA:0,UnityAssertNumbersWithin
FN:1427,UnityAssertNumbersArrayWithin
FNDA:0,UnityAssertNumbersArrayWithin
FN:1591,UnityAssertEqualString
FNDA:0,UnityAssertEqualString
FN:1630,UnityAssertEqualStringLen
FNDA:0,UnityAssertEqualStringLen
FN:1670,UnityAssertEqualStringArray
FNDA:0,UnityAssertEqualStringArray
FN:1753,UnityAssertEqualMemory
FNDA:0,UnityAssertEqualMemory
FN:1842,UnityNumToPtr
FNDA:0,UnityNumToPtr
FN:1868,UnityFloatToPtr
FNDA:0,UnityFloatToPtr
FN:2124,UnityFail
FNDA:0,UnityFail
FN:2161,UnityIgnore
FNDA:0,UnityIgnore
FN:2177,UnityMessage
FNDA:0,UnityMessage
FN:2193,UnityDefaultTestRun
FNDA:0,UnityDefaultTestRun
FN:2215,UnitySetTestFile
FNDA:0,UnitySetTestFile
FN:2221,UnityBegin
FNDA:1,UnityBegin
FN:2237,UnityEnd
FNDA:1,UnityEnd
FN:2277,UnityParseOptions
FNDA:1,UnityParseOptions
FN:2357,IsStringInBiggerString
FNDA:0,IsStringInBiggerString
FN:2412,UnityStringArgumentMatches
FNDA:0,UnityStringArgumentMatches
FN:2475,UnityTestMatches
FNDA:14,UnityTestMatches
DA:78,797
DA:81,797
DA:83,797
DA:86,0
DA:88,0
DA:89,0
DA:92,0
DA:94,0
DA:95,0
DA:100,0
DA:101,0
DA:102,0
DA:104,797
DA:128,47
DA:130,47
DA:132,47
DA:134,844
DA:144,797
DA:145,797
DA:148,47
DA:150,0
DA:152,0
DA:154,0
DA:156,0
DA:159,0
DA:161,0
DA:164,0
DA:166,0
DA:167,0
DA:170,0
DA:172,0
DA:173,0
DA:178,0
DA:179,0
DA:180,0
DA:182,0
DA:185,0
DA:188,0
DA:190,0
DA:192,0
DA:195,0
DA:196,0
DA:198,0
DA:201,0
DA:203,0
DA:204,0
DA:207,0
DA:209,0
DA:210,0
DA:215,0
DA:216,0
DA:217,0
DA:219,0
DA:223,0
DA:226,0
DA:228,0
DA:232,0
DA:233,0
DA:234,0
DA:236,0
DA:239,17
DA:241,17
DA:243,17
DA:246,0
DA:247,0
DA:249,17
DA:250,17
DA:254,17
DA:256,17
DA:259,38
DA:261,21
DA:267,38
DA:268,38
DA:269,38
DA:270,17
DA:273,0
DA:276,0
DA:278,0
DA:280,0
DA:283,0
DA:285,0
DA:286,0
DA:287,0
DA:289,0
DA:293,0
DA:296,0
DA:299,0
DA:301,0
DA:304,0
DA:306,0
DA:308,0
DA:310,0
DA:314,0
DA:319,0
DA:321,0
DA:323,0
DA:334,0
DA:346,0
DA:349,0
DA:351,0
DA:352,0
DA:356,0
DA:358,0
DA:360,0
DA:362,0
DA:364,0
DA:366,0
DA:370,0
DA:372,0
DA:375,0
DA:384,0
DA:386,0
DA:388,0
DA:389,0
DA:391,0
DA:393,0
DA:395,0
DA:397,0
DA:398,0
DA:400,0
DA:409,0
DA:410,0
DA:411,0
DA:413,0
DA:415,0
DA:419,0
DA:423,0
DA:424,0
DA:427,0
DA:429,0
DA:431,0
DA:432,0
DA:436,0
DA:437,0
DA:440,0
DA:442,0
DA:443,0
DA:447,0
DA:448,0
DA:450,0
DA:451,0
DA:455,0
DA:457,0
DA:459,0
DA:461,0
DA:465,0
DA:467,0
DA:469,0
DA:471,0
DA:472,0
DA:476,0
DA:479,0
DA:480,0
DA:482,0
DA:483,0
DA:485,0
DA:487,0
DA:491,0
DA:495,14
DA:526,14
DA:527,14
DA:528,14
DA:529,14
DA:530,14
DA:531,14
DA:535,14
DA:538,0
DA:540,0
DA:541,0
DA:542,0
DA:543,0
DA:546,14
DA:548,14
DA:550,0
DA:552,14
DA:554,14
DA:555,14
DA:559,0
DA:562,14
DA:563,14
DA:565,14
DA:567,14
DA:570,0
DA:577,0
DA:579,0
DA:580,0
DA:581,0
DA:582,0
DA:584,0
DA:585,0
DA:589,0
DA:591,0
DA:592,0
DA:594,0
DA:597,0
DA:599,0
DA:600,0
DA:602,0
DA:603,0
DA:604,0
DA:608,0
DA:610,0
DA:611,0
DA:613,0
DA:614,0
DA:615,0
DA:619,0
DA:621,0
DA:624,0
DA:628,0
DA:629,0
DA:631,0
DA:632,0
DA:633,0
DA:637,0
DA:639,0
DA:640,0
DA:642,0
DA:643,0
DA:644,0
DA:648,0
DA:650,0
DA:657,0
DA:663,0
DA:666,0
DA:668,0
DA:669,0
DA:670,0
DA:671,0
DA:675,0
DA:677,0
DA:678,0
DA:679,0
DA:680,0
DA:683,0
DA:691,0
DA:697,0
DA:699,0
DA:701,0
DA:702,0
DA:703,0
DA:704,0
DA:705,0
DA:706,0
DA:707,0
DA:709,0
DA:712,21
DA:718,21
DA:720,21
DA:722,0
DA:723,0
DA:724,0
DA:725,0
DA:726,0
DA:727,0
DA:728,0
DA:730,21
DA:733,0
DA:740,0
DA:741,0
DA:743,0
DA:744,0
DA:746,0
DA:748,0
DA:749,0
DA:753,0
DA:754,0
DA:757,0
DA:759,0
DA:760,0
DA:761,0
DA:762,0
DA:763,0
DA:764,0
DA:765,0
DA:766,0
DA:767,0
DA:768,0
DA:781,0
DA:789,0
DA:790,0
DA:791,0
DA:793,0
DA:795,0
DA:800,0
DA:804,0
DA:806,0
DA:809,0
DA:811,0
DA:814,0
DA:819,0
DA:821,0
DA:822,0
DA:823,0
DA:824,0
DA:826,0
DA:827,0
DA:829,0
DA:830,0
DA:832,0
DA:833,0
DA:834,0
DA:835,0
DA:837,0
DA:838,0
DA:840,0
DA:841,0
DA:844,0
DA:845,0
DA:846,0
DA:847,0
DA:848,0
DA:851,0
DA:853,0
DA:854,0
DA:856,0
DA:858,0
DA:859,0
DA:862,0
DA:863,0
DA:864,0
DA:867,0
DA:869,0
DA:871,0
DA:872,0
DA:873,0
DA:874,0
DA:876,0
DA:877,0
DA:878,0
DA:879,0
DA:880,0
DA:881,0
DA:882,0
DA:883,0
DA:884,0
DA:887,0
DA:889,0
DA:891,0
DA:926,0
DA:929,0
DA:933,0
DA:941,0
DA:942,0
DA:943,0
DA:944,0
DA:945,0
DA:947,0
DA:949,0
DA:954,0
DA:958,0
DA:960,0
DA:963,0
DA:966,0
DA:969,0
DA:971,0
DA:974,0
DA:976,0
DA:980,0
DA:982,0
DA:985,0
DA:987,0
DA:989,0
DA:992,0
DA:995,0
DA:997,0
DA:998,0
DA:999,0
DA:1000,0
DA:1001,0
DA:1002,0
DA:1004,0
DA:1006,0
DA:1008,0
DA:1013,0
DA:1019,0
DA:1022,0
DA:1024,0
DA:1025,0
DA:1026,0
DA:1027,0
DA:1029,0
DA:1032,0
DA:1038,0
DA:1040,0
DA:1042,0
DA:1043,0
DA:1044,0
DA:1045,0
DA:1046,0
DA:1047,0
DA:1048,0
DA:1050,0
DA:1053,0
DA:1061,0
DA:1063,0
DA:1066,0
DA:1067,0
DA:1069,0
DA:1071,0
DA:1073,0
DA:1074,0
DA:1075,0
DA:1076,0
DA:1077,0
DA:1078,0
DA:1079,0
DA:1080,0
DA:1081,0
DA:1083,0
DA:1086,0
DA:1091,0
DA:1092,0
DA:1093,0
DA:1094,0
DA:1096,0
DA:1098,0
DA:1100,0
DA:1102,0
DA:1103,0
DA:1104,0
DA:1106,0
DA:1107,0
DA:1109,0
DA:1111,0
DA:1112,0
DA:1114,0
DA:1116,0
DA:1117,0
DA:1119,0
DA:1121,0
DA:1122,0
DA:1123,0
DA:1126,0
DA:1128,0
DA:1129,0
DA:1130,0
DA:1132,0
DA:1134,0
DA:1135,0
DA:1137,0
DA:1145,0
DA:1146,0
DA:1148,0
DA:1380,0
DA:1387,0
DA:1389,0
DA:1391,0
DA:1393,0
DA:1397,0
DA:1402,0
DA:1404,0
DA:1408,0
DA:1412,0
DA:1414,0
DA:1415,0
DA:1416,0
DA:1417,0
DA:1418,0
DA:1419,0
DA:1420,0
DA:1421,0
DA:1422,0
DA:1424,0
DA:1427,0
DA:1436,0
DA:1437,0
DA:1438,0
DA:1440,0
DA:1442,0
DA:1447,0
DA:1451,0
DA:1453,0
DA:1456,0
DA:1458,0
DA:1461,0
DA:1466,0
DA:1468,0
DA:1470,0
DA:1472,0
DA:1473,0
DA:1474,0
DA:1478,0
DA:1479,0
DA:1480,0
DA:1482,0
DA:1484,0
DA:1486,0
DA:1488,0
DA:1489,0
DA:1490,0
DA:1494,0
DA:1495,0
DA:1496,0
DA:1498,0
DA:1501,0
DA:1503,0
DA:1505,0
DA:1506,0
DA:1507,0
DA:1511,0
DA:1512,0
DA:1513,0
DA:1515,0
DA:1518,0
DA:1521,0
DA:1523,0
DA:1524,0
DA:1525,0
DA:1529,0
DA:1530,0
DA:1531,0
DA:1533,0
DA:1534,0
DA:1537,0
DA:1539,0
DA:1541,0
DA:1545,0
DA:1550,0
DA:1552,0
DA:1556,0
DA:1560,0
DA:1562,0
DA:1564,0
DA:1565,0
DA:1566,0
DA:1567,0
DA:1569,0
DA:1570,0
DA:1571,0
DA:1572,0
DA:1573,0
DA:1574,0
DA:1575,0
DA:1576,0
DA:1577,0
DA:1578,0
DA:1579,0
DA:1582,0
DA:1584,0
DA:1586,0
DA:1591,0
DA:1598,0
DA:1601,0
DA:1603,0
DA:1605,0
DA:1607,0
DA:1608,0
DA:1614,0
DA:1616,0
DA:1620,0
DA:1622,0
DA:1623,0
DA:1624,0
DA:1625,0
DA:1627,0
DA:1630,0
DA:1638,0
DA:1641,0
DA:1643,0
DA:1645,0
DA:1647,0
DA:1648,0
DA:1654,0
DA:1656,0
DA:1660,0
DA:1662,0
DA:1663,0
DA:1664,0
DA:1665,0
DA:1667,0
DA:1670,0
DA:1677,0
DA:1678,0
DA:1679,0
DA:1680,0
DA:1682,0
DA:1685,0
DA:1690,0
DA:1694,0
DA:1696,0
DA:1699,0
DA:1701,0
DA:1704,0
DA:1706,0
DA:1711,0
DA:1712,0
DA:1714,0
DA:1718,0
DA:1720,0
DA:1722,0
DA:1724,0
DA:1725,0
DA:1731,0
DA:1733,0
DA:1737,0
DA:1739,0
DA:1740,0
DA:1742,0
DA:1743,0
DA:1745,0
DA:1746,0
DA:1747,0
DA:1749,0
DA:1753,0
DA:1761,0
DA:1762,0
DA:1763,0
DA:1766,0
DA:1768,0
DA:1773,0
DA:1776,0
DA:1778,0
DA:1781,0
DA:1783,0
DA:1786,0
DA:1788,0
DA:1791,0
DA:1793,0
DA:1794,0
DA:1796,0
DA:1798,0
DA:1799,0
DA:1800,0
DA:1802,0
DA:1803,0
DA:1805,0
DA:1806,0
DA:1807,0
DA:1808,0
DA:1809,0
DA:1810,0
DA:1811,0
DA:1812,0
DA:1814,0
DA:1815,0
DA:1817,0
DA:1819,0
DA:1842,0
DA:1844,0
DA:1846,0
DA:1847,0
DA:1848,0
DA:1850,0
DA:1851,0
DA:1852,0
DA:1855,0
DA:1856,0
DA:1857,0
DA:1860,0
DA:1861,0
DA:1862,0
DA:1868,0
DA:1870,0
DA:1871,0
DA:2124,0
DA:2126,0
DA:2128,0
DA:2129,0
DA:2130,0
DA:2132,0
DA:2138,0
DA:2140,0
DA:2141,0
DA:2142,0
DA:2144,0
DA:2145,0
DA:2147,0
DA:2150,0
DA:2152,0
DA:2154,0
DA:2157,0
DA:2161,0
DA:2163,0
DA:2165,0
DA:2166,0
DA:2167,0
DA:2169,0
DA:2170,0
DA:2171,0
DA:2173,0
DA:2177,0
DA:2179,0
DA:2180,0
DA:2181,0
DA:2183,0
DA:2184,0
DA:2185,0
DA:2187,0
DA:2188,0
DA:2193,0
DA:2195,0
DA:2196,0
DA:2197,0
DA:2198,0
DA:2200,0
DA:2202,0
DA:2203,0
DA:2205,0
DA:2207,0
DA:2210,0
DA:2211,0
DA:2215,0
DA:2217,0
DA:2218,0
DA:2221,1
DA:2223,1
DA:2224,1
DA:2225,1
DA:2226,1
DA:2227,1
DA:2228,1
DA:2229,1
DA:2230,1
DA:2232,1
DA:2234,1
DA:2237,1
DA:2239,1
DA:2240,1
DA:2241,1
DA:2242,1
DA:2243,1
DA:2244,1
DA:2245,1
DA:2246,1
DA:2247,1
DA:2248,1
DA:2249,1
DA:2251,1
DA:2255,0
DA:2260,1
DA:2263,1
DA:2277,1
DA:2280,1
DA:2281,1
DA:2282,1
DA:2284,1
DA:2286,0
DA:2288,0
DA:2290,0
DA:2291,0
DA:2292,0
DA:2294,0
DA:2295,0
DA:2297,0
DA:2299,0
DA:2301,0
DA:2305,0
DA:2306,0
DA:2307,0
DA:2309,0
DA:2310,0
DA:2311,0
DA:2312,0
DA:2313,0
DA:2314,0
DA:2315,0
DA:2316,0
DA:2317,0
DA:2319,0
DA:2321,0
DA:2323,0
DA:2327,0
DA:2328,0
DA:2329,0
DA:2331,0
DA:2332,0
DA:2333,0
DA:2334,0
DA:2335,0
DA:2338,0
DA:2339,0
DA:2340,0
DA:2341,0
DA:2342,0
DA:2343,0
DA:2344,0
DA:2345,0
DA:2346,0
DA:2348,0
DA:2353,1
DA:2357,0
DA:2359,0
DA:2360,0
DA:2361,0
DA:2363,0
DA:2365,0
DA:2368,0
DA:2370,0
DA:2373,0
DA:2375,0
DA:2376,0
DA:2378,0
DA:2380,0
DA:2381,0
DA:2383,0
DA:2387,0
DA:2389,0
DA:2390,0
DA:2392,0
DA:2393,0
DA:2398,0
DA:2400,0
DA:2404,0
DA:2405,0
DA:2408,0
DA:2412,0
DA:2420,0
DA:2421,0
DA:2423,0
DA:2425,0
DA:2429,0
DA:2430,0
DA:2433,0
DA:2434,0
DA:2436,0
DA:2438,0
DA:2440,0
DA:2442,0
DA:2446,0
DA:2447,0
DA:2449,0
DA:2453,0
DA:2455,0
DA:2457,0
DA:2462,0
DA:2464,0
DA:2467,0
DA:2471,0
DA:2475,14
DA:2479,14
DA:2481,0
DA:2485,14
DA:2489,14
DA:2491,0
DA:2493,0
DA:2497,14
end_of_record
TN:
SF:/home/nacho/testing_software/IdS-Ignacio-Olazabal/build/vendor/cmock/src/cmock.c
FN:44,CMock_Guts_MemNew
FNDA:2,CMock_Guts_MemNew
FN:86,CMock_Guts_MemChain
FNDA:2,CMock_Guts_MemChain
FN:134,CMock_Guts_MemNext
FNDA:2,CMock_Guts_MemNext
FN:162,CMock_Guts_MemEndOfChain
FNDA:0,CMock_Guts_MemEndOfChain
FN:180,CMock_Guts_GetAddressFor
FNDA:4,CMock_Guts_GetAddressFor
FN:195,CMock_Guts_MemBytesCapacity
FNDA:0,CMock_Guts_MemBytesCapacity
FN:203,CMock_Guts_MemBytesFree
FNDA:0,CMock_Guts_MemBytesFree
FN:211,CMock_Guts_MemBytesUsed
FNDA:0,CMock_Guts_MemBytesUsed
FN:219,CMock_Guts_MemFreeAll
FNDA:28,CMock_Guts_MemFreeAll
FN:227,CMock_Guts_MemFreeFinal
FNDA:1,CMock_Guts_MemFreeFinal
DA:44,2
DA:49,2
DA:51,0
DA:55,2
DA:56,2
DA:58,0
DA:60,2
DA:63,0
DA:76,2
DA:77,2
DA:78,2
DA:80,2
DA:86,2
DA:93,2
DA:96,2
DA:101,0
DA:103,0
DA:105,0
DA:107,0
DA:110,0
DA:111,0
DA:114,0
DA:116,0
DA:117,0
DA:119,0
DA:121,0
DA:123,0
DA:125,0
DA:126,0
DA:127,0
DA:134,2
DA:140,2
DA:142,0
DA:144,2
DA:148,2
DA:149,2
DA:151,0
DA:155,2
DA:162,0
DA:164,0
DA:167,0
DA:168,0
DA:169,0
DA:171,0
DA:174,0
DA:180,4
DA:182,4
DA:184,4
DA:188,0
DA:195,0
DA:197,0
DA:203,0
DA:205,0
DA:211,0
DA:213,0
DA:219,28
DA:221,28
DA:222,28
DA:227,1
DA:229,1
DA:237,1
end_of_record
TN:
SF:/home/nacho/testing_software/IdS-Ignacio-Olazabal/build/test/runners/test_leds_runner.c
FN:34,CMock_Init
FNDA:14,CMock_Init
FN:41,CMock_Verify
FNDA:14,CMock_Verify
FN:45,CMock_Destroy
FNDA:14,CMock_Destroy
FN:52,resetTest
FNDA:0,resetTest
FN:61,verifyTest
FNDA:0,verifyTest
FN:67,run_test
FNDA:14,run_test
FN:95,main
FNDA:1,main
DA:34,14
DA:36,14
DA:37,14
DA:38,14
DA:39,14
DA:40,14
DA:41,14
DA:43,14
DA:44,14
DA:45,14
DA:47,14
DA:48,14
DA:52,0
DA:54,0
DA:55,0
DA:56,0
DA:57,0
DA:58,0
DA:59,0
DA:61,0
DA:63,0
DA:64,0
DA:67,14
DA:69,14
DA:70,14
DA:72,14
DA:73,0
DA:75,14
DA:76,14
DA:78,14
DA:79,14
DA:81,14
DA:82,14
DA:84,14
DA:86,14
DA:87,14
DA:89,14
DA:91,14
DA:95,1
DA:98,1
DA:99,1
DA:101,0
DA:103,0
DA:104,0
DA:105,0
DA:106,0
DA:107,0
DA:108,0
DA:109,0
DA:110,0
DA:111,0
DA:112,0
DA:113,0
DA:114,0
DA:115,0
DA:116,0
DA:117,0
DA:118,0
DA:119,0
DA:120,0
DA:121,0
DA:122,0
DA:123,0
DA:124,0
DA:125,0
DA:126,0
DA:127,0
DA:128,0
DA:129,0
DA:130,0
DA:131,0
DA:132,0
DA:133,0
DA:135,0
DA:138,1
DA:139,1
DA:140,1
DA:141,1
DA:142,1
DA:143,1
DA:144,1
DA:145,1
DA:146,1
DA:147,1
DA:148,1
DA:149,1
DA:150,1
DA:151,1
DA:152,1
DA:154,1
DA:155,1
end_of_record
TN:
SF:/home/nacho/testing_software/IdS-Ignacio-Olazabal/test/test_leds.c
FN:20,setUp
FNDA:14,setUp
FN:26,tearDown
FNDA:14,tearDown
FN:31,test_LedsDriver_IniciaConTodosLosLedsApagados
FNDA:1,test_LedsDriver_IniciaConTodosLosLedsApagados
FN:39,test_LedsDriver_PrendeUnLed
FNDA:1,test_LedsDriver_PrendeUnLed
FN:46,test_LedsDriver_PrendeYApagaUnLed
FNDA:1,test_LedsDriver_PrendeYApagaUnLed
FN:55,test_LedsDriver_PrendeVariosYApagaUno
FNDA:1,test_LedsDriver_PrendeVariosYApagaUno
FN:66,test_LedsDriver_PrenderPrimerYUltimoLed
FNDA:1,test_LedsDriver_PrenderPrimerYUltimoLed
FN:76,test_LedsDriver_LedFueraDeRangoNoHaceNada
FNDA:1,test_LedsDriver_LedFueraDeRangoNoHaceNada
FN:88,test_LedsDriver_PrenderTodosLosLeds
FNDA:1,test_LedsDriver_PrenderTodosLosLeds
FN:95,test_LedsDriver_PrenderYApagarTodosLosLeds
FNDA:1,test_LedsDriver_PrenderYApagarTodosLosLeds
FN:105,test_LedsDriver_PrenderLedVariasVeces
FNDA:1,test_LedsDriver_PrenderLedVariasVeces
FN:114,test_LedsDriver_ApagarLedVariasVeces
FNDA:1,test_LedsDriver_ApagarLedVariasVeces
FN:126,test_LedsDriver_PrenderAlgunosLuegoTodos
FNDA:1,test_LedsDriver_PrenderAlgunosLuegoTodos
FN:137,test_LedsDriver_PrenderTodosApagarAlgunosApagarTodos
FNDA:1,test_LedsDriver_PrenderTodosApagarAlgunosApagarTodos
FN:151,test_LedsDriver_ConsultarLedEncendido
FNDA:1,test_LedsDriver_ConsultarLedEncendido
FN:159,test_LedsDriver_ConsultarLedApagado
FNDA:1,test_LedsDriver_ConsultarLedApagado
DA:20,14
DA:22,14
DA:23,14
DA:24,14
DA:26,14
DA:28,14
DA:31,1
DA:33,1
DA:34,1
DA:35,1
DA:36,1
DA:39,1
DA:41,1
DA:42,1
DA:43,1
DA:46,1
DA:48,1
DA:49,1
DA:50,1
DA:51,1
DA:52,1
DA:55,1
DA:57,1
DA:58,1
DA:59,1
DA:60,1
DA:61,1
DA:62,1
DA:63,1
DA:66,1
DA:68,1
DA:69,1
DA:71,1
DA:72,1
DA:73,1
DA:76,1
DA:78,1
DA:79,1
DA:80,1
DA:82,1
DA:83,1
DA:84,1
DA:85,1
DA:88,1
DA:90,1
DA:91,1
DA:92,1
DA:95,1
DA:97,1
DA:98,1
DA:100,1
DA:101,1
DA:102,1
DA:105,1
DA:107,1
DA:108,1
DA:109,1
DA:110,1
DA:111,1
DA:114,1
DA:116,1
DA:117,1
DA:119,1
DA:120,1
DA:121,1
DA:122,1
DA:123,1
DA:126,1
DA:128,1
DA:129,1
DA:130,1
DA:132,1
DA:133,1
DA:134,1
DA:137,1
DA:139,1
DA:140,1
DA:142,1
DA:143,1
DA:144,1
DA:146,1
DA:147,1
DA:148,1
DA:151,1
DA:153,1
DA:154,1
DA:155,1
DA:156,1
DA:159,1
DA:161,1
DA:162,1
DA:163,1
DA:164,1
end_of_record
TN:
SF:/home/nacho/testing_software/IdS-Ignacio-Olazabal/src/leds.c
FN:13,leds_to_mask
FNDA:26,leds_to_mask
FN:18,leds_init
FNDA:15,leds_init
FN:24,leds_turn_on
FNDA:16,leds_turn_on
FN:34,leds_turn_off
FNDA:8,leds_turn_off
FN:44,leds_turn_on_all
FNDA:4,leds_turn_on_all
FN:49,leds_turn_off_all
FNDA:2,leds_turn_off_all
FN:54,leds_is_on
FNDA:2,leds_is_on
FN:64,leds_is_off
FNDA:2,leds_is_off
DA:13,26
DA:15,26
DA:18,15
DA:20,15
DA:21,15
DA:22,15
DA:24,16
DA:26,16
DA:27,2
DA:28,2
DA:31,14
DA:34,8
DA:36,8
DA:37,0
DA:38,0
DA:41,8
DA:44,4
DA:46,4
DA:47,4
DA:49,2
DA:51,2
DA:52,2
DA:54,2
DA:56,2
DA:57,0
DA:58,0
DA:61,2
DA:64,2
DA:66,2
DA:67,0
DA:68,0
DA:71,2
end_of_record
TN:
SF:/home/nacho/testing_software/IdS-Ignacio-Olazabal/build/test/mocks/test_leds/mock_errores.c
FN:38,mock_errores_Verify
FNDA:14,mock_errores_Verify
FN:57,mock_errores_Init
FNDA:14,mock_errores_Init
FN:62,mock_errores_Destroy
FNDA:28,mock_errores_Destroy
FN:70,registrar_error
FNDA:2,registrar_error
FN:122,CMockExpectParameters_registrar_error
FNDA:0,CMockExpectParameters_registrar_error
FN:131,registrar_error_CMockIgnore
FNDA:0,registrar_error_CMockIgnore
FN:136,registrar_error_CMockStopIgnore
FNDA:0,registrar_error_CMockStopIgnore
FN:141,registrar_error_CMockExpectAnyArgs
FNDA:2,registrar_error_CMockExpectAnyArgs
FN:155,registrar_error_CMockExpect
FNDA:0,registrar_error_CMockExpect
FN:169,registrar_error_AddCallback
FNDA:0,registrar_error_AddCallback
FN:176,registrar_error_Stub
FNDA:0,registrar_error_Stub
DA:38,14
DA:40,14
DA:42,14
DA:43,14
DA:44,0
DA:45,14
DA:47,0
DA:48,0
DA:50,14
DA:52,0
DA:55,14
DA:57,14
DA:59,14
DA:60,14
DA:62,28
DA:64,28
DA:65,28
DA:66,28
DA:67,28
DA:68,28
DA:70,2
DA:72,2
DA:74,2
DA:75,2
DA:76,2
DA:77,2
DA:79,0
DA:80,0
DA:82,2
DA:83,2
DA:85,0
DA:86,0
DA:87,0
DA:89,2
DA:90,2
DA:91,2
DA:92,0
DA:93,2
DA:94,0
DA:95,2
DA:98,0
DA:99,0
DA:102,0
DA:103,0
DA:106,0
DA:107,0
DA:110,0
DA:111,0
DA:114,2
DA:116,0
DA:118,2
DA:122,0
DA:124,0
DA:126,0
DA:127,0
DA:128,0
DA:129,0
DA:131,0
DA:133,0
DA:134,0
DA:136,0
DA:138,0
DA:139,0
DA:141,2
DA:143,2
DA:144,2
DA:145,2
DA:146,2
DA:147,2
DA:148,2
DA:149,2
DA:150,2
DA:151,2
DA:152,2
DA:153,2
DA:155,0
DA:157,0
DA:158,0
DA:159,0
DA:160,0
DA:161,0
DA:162,0
DA:163,0
DA:164,0
DA:165,0
DA:166,0
DA:167,0
DA:169,0
DA:171,0
DA:172,0
DA:173,0
DA:174,0
DA:176,0
DA:178,0
DA:179,0
DA:180,0
DA:181,0
end_of_record
TN:
SF:/home/nacho/testing_software/IdS-Ignacio-Olazabal/build/vendor/unity/src/unity.c
FN:78,UnityPrintChar
FNDA:797,UnityPrintChar
FN:128,UnityPrint
FNDA:47,UnityPrint
FN:150,UnityPrintLen
FNDA:0,UnityPrintLen
FN:188,UnityPrintNumberByStyle
FNDA:0,UnityPrintNumberByStyle
FN:239,UnityPrintNumber
FNDA:17,UnityPrintNumber
FN:254,UnityPrintNumberUnsigned
FNDA:17,UnityPrintNumberUnsigned
FN:273,UnityPrintNumberHex
FNDA:0,UnityPrintNumberHex
FN:299,UnityPrintMask
FNDA:0,UnityPrintMask
FN:334,UnityPrintFloat
FNDA:0,UnityPrintFloat
FN:495,UnityTestResultsBegin
FNDA:14,UnityTestResultsBegin
FN:538,UnityTestResultsFailBegin
FNDA:0,UnityTestResultsFailBegin
FN:546,UnityConcludeTest
FNDA:14,UnityConcludeTest
FN:570,UnityAddMsgIfSpecified
FNDA:0,UnityAddMsgIfSpecified
FN:597,UnityPrintExpectedAndActualStrings
FNDA:0,UnityPrintExpectedAndActualStrings
FN:624,UnityPrintExpectedAndActualStringsLen
FNDA:0,UnityPrintExpectedAndActualStringsLen
FN:657,UnityIsOneArrayNull
FNDA:0,UnityIsOneArrayNull
FN:691,UnityAssertBits
FNDA:0,UnityAssertBits
FN:712,UnityAssertEqualNumber
FNDA:21,UnityAssertEqualNumber
FN:733,UnityAssertGreaterOrLessOrEqualNumber
FNDA:0,UnityAssertGreaterOrLessOrEqualNumber
FN:781,UnityAssertEqualIntArray
FNDA:0,UnityAssertEqualIntArray
FN:926,UnityFloatsWithin
FNDA:0,UnityFloatsWithin
FN:933,UnityAssertWithinFloatArray
FNDA:0,UnityAssertWithinFloatArray
FN:1013,UnityAssertFloatsWithin
FNDA:0,UnityAssertFloatsWithin
FN:1032,UnityAssertFloatsNotWithin
FNDA:0,UnityAssertFloatsNotWithin
FN:1053,UnityAssertGreaterOrLessFloat
FNDA:0,UnityAssertGreaterOrLessFloat
FN:1086,UnityAssertFloatSpecial
FNDA:0,UnityAssertFloatSpecial
FN:1380,UnityAssertNumbersWithin
FNDA:0,UnityAssertNumbersWithin
FN:1427,UnityAssertNumbersArrayWithin
FNDA:0,UnityAssertNumbersArrayWithin
FN:1591,UnityAssertEqualString
FNDA:0,UnityAssertEqualString
FN:1630,UnityAssertEqualStringLen
FNDA:0,UnityAssertEqualStringLen
FN:1670,UnityAssertEqualStringArray
FNDA:0,UnityAssertEqualStringArray
FN:1753,UnityAssertEqualMemory
FNDA:0,UnityAssertEqualMemory
FN:1842,UnityNumToPtr
FNDA:0,UnityNumToPtr
FN:1868,UnityFloatToPtr
FNDA:0,UnityFloatToPtr
FN:2124,UnityFail
FNDA:0,UnityFail
FN:2161,UnityIgnore
FNDA:0,UnityIgnore
FN:2177,UnityMessage
FNDA:0,UnityMessage
FN:2193,UnityDefaultTestRun
FNDA:0,UnityDefaultTestRun
FN:2215,UnitySetTestFile
FNDA:0,UnitySetTestFile
FN:2221,UnityBegin
FNDA:1,UnityBegin
FN:2237,UnityEnd
FNDA:1,UnityEnd
FN:2277,UnityParseOptions
FNDA:1,UnityParseOptions
FN:2357,IsStringInBiggerString
FNDA:0,IsStringInBiggerString
FN:2412,UnityStringArgumentMatches
FNDA:0,UnityStringArgumentMatches
FN:2475,UnityTestMatches
FNDA:14,UnityTestMatches
DA:78,797
DA:81,797
DA:83,797
DA:86,0
DA:88,0
DA:89,0
DA:92,0
DA:94,0
DA:95,0
DA:100,0
DA:101,0
DA:102,0
DA:104,797
DA:128,47
DA:130,47
DA:132,47
DA:134,844
DA:144,797
DA:145,797
DA:148,47
DA:150,0
DA:152,0
DA:154,0
DA:156,0
DA:159,0
DA:161,0
DA:164,0
DA:166,0
DA:167,0
DA:170,0
DA:172,0
DA:173,0
DA:178,0
DA:179,0
DA:180,0
DA:182,0
DA:185,0
DA:188,0
DA:190,0
DA:192,0
DA:195,0
DA:196,0
DA:198,0
DA:201,0
DA:203,0
DA:204,0
DA:207,0
DA:209,0
DA:210,0
DA:215,0
DA:216,0
DA:217,0
DA:219,0
DA:223,0
DA:226,0
DA:228,0
DA:232,0
DA:233,0
DA:234,0
DA:236,0
DA:239,17
DA:241,17
DA:243,17
DA:246,0
DA:247,0
DA:249,17
DA:250,17
DA:254,17
DA:256,17
DA:259,38
DA:261,21
DA:267,38
DA:268,38
DA:269,38
DA:270,17
DA:273,0
DA:276,0
DA:278,0
DA:280,0
DA:283,0
DA:285,0
DA:286,0
DA:287,0
DA:289,0
DA:293,0
DA:296,0
DA:299,0
DA:301,0
DA:304,0
DA:306,0
DA:308,0
DA:310,0
DA:314,0
DA:319,0
DA:321,0
DA:323,0
DA:334,0
DA:346,0
DA:349,0
DA:351,0
DA:352,0
DA:356,0
DA:358,0
DA:360,0
DA:362,0
DA:364,0
DA:366,0
DA:370,0
DA:372,0
DA:375,0
DA:384,0
DA:386,0
DA:388,0
DA:389,0
DA:391,0
DA:393,0
DA:395,0
DA:397,0
DA:398,0
DA:400,0
DA:409,0
DA:410,0
DA:411,0
DA:413,0
DA:415,0
DA:419,0
DA:423,0
DA:424,0
DA:427,0
DA:429,0
DA:431,0
DA:432,0
DA:436,0
DA:437,0
DA:440,0
DA:442,0
DA:443,0
DA:447,0
DA:448,0
DA:450,0
DA:451,0
DA:455,0
DA:457,0
DA:459,0
DA:461,0
DA:465,0
DA:467,0
DA:469,0
DA:471,0
DA:472,0
DA:476,0
DA:479,0
DA:480,0
DA:482,0
DA:483,0
DA:485,0
DA:487,0
DA:491,0
DA:495,14
DA:526,14
DA:527,14
DA:528,14
DA:529,14
DA:530,14
DA:531,14
DA:535,14
DA:538,0
DA:540,0
DA:541,0
DA:542,0
DA:543,0
DA:546,14
DA:548,14
DA:550,0
DA:552,14
DA:554,14
DA:555,14
DA:559,0
DA:562,14
DA:563,14
DA:565,14
DA:567,14
DA:570,0
DA:577,0
DA:579,0
DA:580,0
DA:581,0
DA:582,0
DA:584,0
DA:585,0
DA:589,0
DA:591,0
DA:592,0
DA:594,0
DA:597,0
DA:599,0
DA:600,0
DA:602,0
DA:603,0
DA:604,0
DA:608,0
DA:610,0
DA:611,0
DA:613,0
DA:614,0
DA:615,0
DA:619,0
DA:621,0
DA:624,0
DA:628,0
DA:629,0
DA:631,0
DA:632,0
DA:633,0
DA:637,0
DA:639,0
DA:640,0
DA:642,0
DA:643,0
DA:644,0
DA:648,0
DA:650,0
DA:657,0
DA:663,0
DA:666,0
DA:668,0
DA:669,0
DA:670,0
DA:671,0
DA:675,0
DA:677,0
DA:678,0
DA:679,0
DA:680,0
DA:683,0
DA:691,0
DA:697,0
DA:699,0
DA:701,0
DA:702,0
DA:703,0
DA:704,0
DA:705,0
DA:706,0
DA:707,0
DA:709,0
DA:712,21
DA:718,21
DA:720,21
DA:722,0
DA:723,0
DA:724,0
DA:725,0
DA:726,0
DA:727,0
DA:728,0
DA:730,21
DA:733,0
DA:740,0
DA:741,0
DA:743,0
DA:744,0
DA:746,0
DA:748,0
DA:749,0
DA:753,0
DA:754,0
DA:757,0
DA:759,0
DA:760,0
DA:761,0
DA:762,0
DA:763,0
DA:764,0
DA:765,0
DA:766,0
DA:767,0
DA:768,0
DA:781,0
DA:789,0
DA:790,0
DA:791,0
DA:793,0
DA:795,0
DA:800,0
DA:804,0
DA:806,0
DA:809,0
DA:811,0
DA:814,0
DA:819,0
DA:821,0
DA:822,0
DA:823,0
DA:824,0
DA:826,0
DA:827,0
DA:829,0
DA:830,0
DA:832,0
DA:833,0
DA:834,0
DA:835,0
DA:837,0
DA:838,0
DA:840,0
DA:841,0
DA:844,0
DA:845,0
DA:846,0
DA:847,0
DA:848,0
DA:851,0
DA:853,0
DA:854,0
DA:856,0
DA:858,0
DA:859,0
DA:862,0
DA:863,0
DA:864,0
DA:867,0
DA:869,0
DA:871,0
DA:872,0
DA:873,0
DA:874,0
DA:876,0
DA:877,0
DA:878,0
DA:879,0
DA:880,0
DA:881,0
DA:882,0
DA:883,0
DA:884,0
DA:887,0
DA:889,0
DA:891,0
DA:926,0
DA:929,0
DA:933,0
DA:941,0
DA:942,0
DA:943,0
DA:944,0
DA:945,0
DA:947,0
DA:949,0
DA:954,0
DA:958,0
DA:960,0
DA:963,0
DA:966,0
DA:969,0
DA:971,0
DA:974,0
DA:976,0
DA:980,0
DA:982,0
DA:985,0
DA:987,0
DA:989,0
DA:992,0
DA:995,0
DA:997,0
DA:998,0
DA:999,0
DA:1000,0
DA:1001,0
DA:1002,0
DA:1004,0
DA:1006,0
DA:1008,0
DA:1013,0
DA:1019,0
DA:1022,0
DA:1024,0
DA:1025,0
DA:1026,0
DA:1027,0
DA:1029,0
DA:1032,0
DA:1038,0
DA:1040,0
DA:1042,0
DA:1043,0
DA:1044,0
DA:1045,0
DA:1046,0
DA:1047,0
DA:1048,0
DA:1050,0
DA:1053,0
DA:1061,0
DA:1063,0
DA:1066,0
DA:1067,0
DA:1069,0
DA:1071,0
DA:1073,0
DA:1074,0
DA:1075,0
DA:1076,0
DA:1077,0
DA:1078,0
DA:1079,0
DA:1080,0
DA:1081,0
DA:1083,0
DA:1086,0
DA:1091,0
DA:1092,0
DA:1093,0
DA:1094,0
DA:1096,0
DA:1098,0
DA:1100,0
DA:1102,0
DA:1103,0
DA:1104,0
DA:1106,0
DA:1107,0
DA:1109,0
DA:1111,0
DA:1112,0
DA:1114,0
DA:1116,0
DA:1117,0
DA:1119,0
DA:1121,0
DA:1122,0
DA:1123,0
DA:1126,0
DA:1128,0
DA:1129,0
DA:1130,0
DA:1132,0
DA:1134,0
DA:1135,0
DA:1137,0
DA:1145,0
DA:1146,0
DA:1148,0
DA:1380,0
DA:1387,0
DA:1389,0
DA:1391,0
DA:1393,0
DA:1397,0
DA:1402,0
DA:1404,0
DA:1408,0
DA:1412,0
DA:1414,0
DA:1415,0
DA:1416,0
DA:1417,0
DA:1418,0
DA:1419,0
DA:1420,0
DA:1421,0
DA:1422,0
DA:1424,0
DA:1427,0
DA:1436,0
DA:1437,0
DA:1438,0
DA:1440,0
DA:1442,0
DA:1447,0
DA:1451,0
DA:1453,0
DA:1456,0
DA:1458,0
DA:1461,0
DA:1466,0
DA:1468,0
DA:1470,0
DA:1472,0
DA:1473,0
DA:1474,0
DA:1478,0
DA:1479,0
DA:1480,0
DA:1482,0
DA:1484,0
DA:1486,0
DA:1488,0
DA:1489,0
DA:1490,0
DA:1494,0
DA:1495,0
DA:1496,0
DA:1498,0
DA:1501,0
DA:1503,0
DA:1505,0
DA:1506,0
DA:1507,0
DA:1511,0
DA:1512,0
DA:1513,0
DA:1515,0
DA:1518,0
DA:1521,0
DA:1523,0
DA:1524,0
DA:1525,0
DA:1529,0
DA:1530,0
DA:1531,0
DA:1533,0
DA:1534,0
DA:1537,0
DA:1539,0
DA:1541,0
DA:1545,0
DA:1550,0
DA:1552,0
DA:1556,0
DA:1560,0
DA:1562,0
DA:1564,0
DA:1565,0
DA:1566,0
DA:1567,0
DA:1569,0
DA:1570,0
DA:1571,0
DA:1572,0
DA:1573,0
DA:1574,0
DA:1575,0
DA:1576,0
DA:1577,0
DA:1578,0
DA:1579,0
DA:1582,0
DA:1584,0
DA:1586,0
DA:1591,0
DA:1598,0
DA:1601,0
DA:1603,0
DA:1605,0
DA:1607,0
DA:1608,0
DA:1614,0
DA:1616,0
DA:1620,0
DA:1622,0
DA:1623,0
DA:1624,0
DA:1625,0
DA:1627,0
DA:1630,0
DA:1638,0
DA:1641,0
DA:1643,0
DA:1645,0
DA:1647,0
DA:1648,0
DA:1654,0
DA:1656,0
DA:1660,0
DA:1662,0
DA:1663,0
DA:1664,0
DA:1665,0
DA:1667,0
DA:1670,0
DA:1677,0
DA:1678,0
DA:1679,0
DA:1680,0
DA:1682,0
DA:1685,0
DA:1690,0
DA:1694,0
DA:1696,0
DA:1699,0
DA:1701,0
DA:1704,0
DA:1706,0
DA:1711,0
DA:1712,0
DA:1714,0
DA:1718,0
DA:1720,0
DA:1722,0
DA:1724,0
DA:1725,0
DA:1731,0
DA:1733,0
DA:1737,0
DA:1739,0
DA:1740,0
DA:1742,0
DA:1743,0
DA:1745,0
DA:1746,0
DA:1747,0
DA:1749,0
DA:1753,0
DA:1761,0
DA:1762,0
DA:1763,0
DA:1766,0
DA:1768,0
DA:1773,0
DA:1776,0
DA:1778,0
DA:1781,0
DA:1783,0
DA:1786,0
DA:1788,0
DA:1791,0
DA:1793,0
DA:1794,0
DA:1796,0
DA:1798,0
DA:1799,0
DA:1800,0
DA:1802,0
DA:1803,0
DA:1805,0
DA:1806,0
DA:1807,0
DA:1808,0
DA:1809,0
DA:1810,0
DA:1811,0
DA:1812,0
DA:1814,0
DA:1815,0
DA:1817,0
DA:1819,0
DA:1842,0
DA:1844,0
DA:1846,0
DA:1847,0
DA:1848,0
DA:1850,0
DA:1851,0
DA:1852,0
DA:1855,0
DA:1856,0
DA:1857,0
DA:1860,0
DA:1861,0
DA:1862,0
DA:1868,0
DA:1870,0
DA:1871,0
DA:2124,0
DA:2126,0
DA:2128,0
DA:2129,0
DA:2130,0
DA:2132,0
DA:2138,0
DA:2140,0
DA:2141,0
DA:2142,0
DA:2144,0
DA:2145,0
DA:2147,0
DA:2150,0
DA:2152,0
DA:2154,0
DA:2157,0
DA:2161,0
DA:2163,0
DA:2165,0
DA:2166,0
DA:2167,0
DA:2169,0
DA:2170,0
DA:2171,0
DA:2173,0
DA:2177,0
DA:2179,0
DA:2180,0
DA:2181,0
DA:2183,0
DA:2184,0
DA:2185,0
DA:2187,0
DA:2188,0
DA:2193,0
DA:2195,0
DA:2196,0
DA:2197,0
DA:2198,0
DA:2200,0
DA:2202,0
DA:2203,0
DA:2205,0
DA:2207,0
DA:2210,0
DA:2211,0
DA:2215,0
DA:2217,0
DA:2218,0
DA:2221,1
DA:2223,1
DA:2224,1
DA:2225,1
DA:2226,1
DA:2227,1
DA:2228,1
DA:2229,1
DA:2230,1
DA:2232,1
DA:2234,1
DA:2237,1
DA:2239,1
DA:2240,1
DA:2241,1
DA:2242,1
DA:2243,1
DA:2244,1
DA:2245,1
DA:2246,1
DA:2247,1
DA:2248,1
DA:2249,1
DA:2251,1
DA:2255,0
DA:2260,1
DA:2263,1
DA:2277,1
DA:2280,1
DA:2281,1
DA:2282,1
DA:2284,1
DA:2286,0
DA:2288,0
DA:2290,0
DA:2291,0
DA:2292,0
DA:2294,0
DA:2295,0
DA:2297,0
DA:2299,0
DA:2301,0
DA:2305,0
DA:2306,0
DA:2307,0
DA:2309,0
DA:2310,0
DA:2311,0
DA:2312,0
DA:2313,0
DA:2314,0
DA:2315,0
DA:2316,0
DA:2317,0
DA:2319,0
DA:2321,0
DA:2323,0
DA:2327,0
DA:2328,0
DA:2329,0
DA:2331,0
DA:2332,0
DA:2333,0
DA:2334,0
DA:2335,0
DA:2338,0
DA:2339,0
DA:2340,0
DA:2341,0
DA:2342,0
DA:2343,0
DA:2344,0
DA:2345,0
DA:2346,0
DA:2348,0
DA:2353,1
DA:2357,0
DA:2359,0
DA:2360,0
DA:2361,0
DA:2363,0
DA:2365,0
DA:2368,0
DA:2370,0
DA:2373,0
DA:2375,0
DA:2376,0
DA:2378,0
DA:2380,0
DA:2381,0
DA:2383,0
DA:2387,0
DA:2389,0
DA:2390,0
DA:2392,0
DA:2393,0
DA:2398,0
DA:2400,0
DA:2404,0
DA:2405,0
DA:2408,0
DA:2412,0
DA:2420,0
DA:2421,0
DA:2423,0
DA:2425,0
DA:2429,0
DA:2430,0
DA:2433,0
DA:2434,0
DA:2436,0
DA:2438,0
DA:2440,0
DA:2442,0
DA:2446,0
DA:2447,0
DA:2449,0
DA:2453,0
DA:2455,0
DA:2457,0
DA:2462,0
DA:2464,0
DA:2467,0
DA:2471,0
DA:2475,14
DA:2479,14
DA:2481,0
DA:2485,14
DA:2489,14
DA:2491,0
DA:2493,0
DA:2497,14
end_of_record
TN:
SF:/home/nacho/testing_software/IdS-Ignacio-Olazabal/build/vendor/cmock/src/cmock.c
FN:44,CMock_Guts_MemNew
FNDA:2,CMock_Guts_MemNew
FN:86,CMock_Guts_MemChain
FNDA:2,CMock_Guts_MemChain
FN:134,CMock_Guts_MemNext
FNDA:2,CMock_Guts_MemNext
FN:162,CMock_Guts_MemEndOfChain
FNDA:0,CMock_Guts_MemEndOfChain
FN:180,CMock_Guts_GetAddressFor
FNDA:4,CMock_Guts_GetAddressFor
FN:195,CMock_Guts_MemBytesCapacity
FNDA:0,CMock_Guts_MemBytesCapacity
FN:203,CMock_Guts_MemBytesFree
FNDA:0,CMock_Guts_MemBytesFree
FN:211,CMock_Guts_MemBytesUsed
FNDA:0,CMock_Guts_MemBytesUsed
FN:219,CMock_Guts_MemFreeAll
FNDA:28,CMock_Guts_MemFreeAll
FN:227,CMock_Guts_MemFreeFinal
FNDA:1,CMock_Guts_MemFreeFinal
DA:44,2
DA:49,2
DA:51,0
DA:55,2
DA:56,2
DA:58,0
DA:60,2
DA:63,0
DA:76,2
DA:77,2
DA:78,2
DA:80,2
DA:86,2
DA:93,2
DA:96,2
DA:101,0
DA:103,0
DA:105,0
DA:107,0
DA:110,0
DA:111,0
DA:114,0
DA:116,0
DA:117,0
DA:119,0
DA:121,0
DA:123,0
DA:125,0
DA:126,0
DA:127,0
DA:134,2
DA:140,2
DA:142,0
DA:144,2
DA:148,2
DA:149,2
DA:151,0
DA:155,2
DA:162,0
DA:164,0
DA:167,0
DA:168,0
DA:169,0
DA:171,0
DA:174,0
DA:180,4
DA:182,4
DA:184,4
DA:188,0
DA:195,0
DA:197,0
DA:203,0
DA:205,0
DA:211,0
DA:213,0
DA:219,28
DA:221,28
DA:222,28
DA:227,1
DA:229,1
DA:237,1
end_of_record
TN:
SF:/home/nacho/testing_software/IdS-Ignacio-Olazabal/build/test/runners/test_leds_runner.c
FN:34,CMock_Init
FNDA:14,CMock_Init
FN:41,CMock_Verify
FNDA:14,CMock_Verify
FN:45,CMock_Destroy
FNDA:14,CMock_Destroy
FN:52,resetTest
FNDA:0,resetTest
FN:61,verifyTest
FNDA:0,verifyTest
FN:67,run_test
FNDA:14,run_test
FN:95,main
FNDA:1,main
DA:34,14
DA:36,14
DA:37,14
DA:38,14
DA:39,14
DA:40,14
DA:41,14
DA:43,14
DA:44,14
DA:45,14
DA:47,14
DA:48,14
DA:52,0
DA:54,0
DA:55,0
DA:56,0
DA:57,0
DA:58,0
DA:59,0
DA:61,0
DA:63,0
DA:64,0
DA:67,14
DA:69,14
DA:70,14
DA:72,14
DA:73,0
DA:75,14
DA:76,14
DA:78,14
DA:79,14
DA:81,14
DA:82,14
DA:84,14
DA:86,14
DA:87,14
DA:89,14
DA:91,14
DA:95,1
DA:98,1
DA:99,1
DA:101,0
DA:103,0
DA:104,0
DA:105,0
DA:106,0
DA:107,0
DA:108,0
DA:109,0
DA:110,0
DA:111,0
DA:112,0
DA:113,0
DA:114,0
DA:115,0
DA:116,0
DA:117,0
DA:118,0
DA:119,0
DA:120,0
DA:121,0
DA:122,0
DA:123,0
DA:124,0
DA:125,0
DA:126,0
DA:127,0
DA:128,0
DA:129,0
DA:130,0
DA:131,0
DA:132,0
DA:133,0
DA:135,0
DA:138,1
DA:139,1
DA:140,1
DA:141,1
DA:142,1
DA:143,1
DA:144,1
DA:145,1
DA:146,1
DA:147,1
DA:148,1
DA:149,1
DA:150,1
DA:151,1
DA:152,1
DA:154,1
DA:155,1
end_of_record
