TN:
SF:/home/nacho/testing_software/IdS-Ignacio-Olazabal/src/leds.c
FN:13,leds_to_mask
FN:18,leds_init
FN:24,leds_turn_on
FN:34,leds_turn_off
FN:44,leds_turn_on_all
FN:49,leds_turn_off_all
FN:54,leds_is_on
FN:64,leds_is_off
FNDA:78,leds_to_mask
FNDA:12,leds_turn_on_all
FNDA:48,leds_turn_on
FNDA:6,leds_is_on
FNDA:45,leds_init
FNDA:6,leds_turn_off_all
FNDA:24,leds_turn_off
FNDA:6,leds_is_off
FNF:8
FNH:8
DA:13,78
DA:15,78
DA:18,45
DA:20,45
DA:21,45
DA:22,45
DA:24,48
DA:26,48
DA:27,6
DA:28,6
DA:31,42
DA:34,24
DA:36,24
DA:37,0
DA:38,0
DA:41,24
DA:44,12
DA:46,12
DA:47,12
DA:49,6
DA:51,6
DA:52,6
DA:54,6
DA:56,6
DA:57,0
DA:58,0
DA:61,6
DA:64,6
DA:66,6
DA:67,0
DA:68,0
DA:71,6
LF:32
LH:26
end_of_record
